[10-Feb-2021 17:24:40 UTC] PHP Parse error:  syntax error, unexpected '}' in C:\Users\leete\Local Sites\teng-hong-lee\app\public\wp-content\themes\frictional-university-theme\index.php on line 6
[10-Feb-2021 17:26:05 UTC] PHP Parse error:  syntax error, unexpected '}' in C:\Users\leete\Local Sites\teng-hong-lee\app\public\wp-content\themes\frictional-university-theme\index.php on line 6
[10-Feb-2021 17:26:25 UTC] PHP Parse error:  syntax error, unexpected '}' in C:\Users\leete\Local Sites\teng-hong-lee\app\public\wp-content\themes\frictional-university-theme\index.php on line 7
[10-Feb-2021 17:28:11 UTC] PHP Fatal error:  Uncaught Error: Call to undefined function the_posts() in C:\Users\leete\Local Sites\teng-hong-lee\app\public\wp-content\themes\frictional-university-theme\index.php:3
Stack trace:
#0 C:\Users\leete\Local Sites\teng-hong-lee\app\public\wp-includes\template-loader.php(106): include()
#1 C:\Users\leete\Local Sites\teng-hong-lee\app\public\wp-blog-header.php(19): require_once('C:\\Users\\leete\\...')
#2 C:\Users\leete\Local Sites\teng-hong-lee\app\public\index.php(17): require('C:\\Users\\leete\\...')
#3 {main}
  thrown in C:\Users\leete\Local Sites\teng-hong-lee\app\public\wp-content\themes\frictional-university-theme\index.php on line 3
[10-Feb-2021 17:29:29 UTC] PHP Fatal error:  Uncaught Error: Call to undefined function the_premalink() in C:\Users\leete\Local Sites\teng-hong-lee\app\public\wp-content\themes\frictional-university-theme\index.php:4
Stack trace:
#0 C:\Users\leete\Local Sites\teng-hong-lee\app\public\wp-includes\template-loader.php(106): include()
#1 C:\Users\leete\Local Sites\teng-hong-lee\app\public\wp-blog-header.php(19): require_once('C:\\Users\\leete\\...')
#2 C:\Users\leete\Local Sites\teng-hong-lee\app\public\index.php(17): require('C:\\Users\\leete\\...')
#3 {main}
  thrown in C:\Users\leete\Local Sites\teng-hong-lee\app\public\wp-content\themes\frictional-university-theme\index.php on line 4
[10-Feb-2021 17:29:33 UTC] PHP Fatal error:  Uncaught Error: Call to undefined function the_premalink() in C:\Users\leete\Local Sites\teng-hong-lee\app\public\wp-content\themes\frictional-university-theme\index.php:4
Stack trace:
#0 C:\Users\leete\Local Sites\teng-hong-lee\app\public\wp-includes\template-loader.php(106): include()
#1 C:\Users\leete\Local Sites\teng-hong-lee\app\public\wp-blog-header.php(19): require_once('C:\\Users\\leete\\...')
#2 C:\Users\leete\Local Sites\teng-hong-lee\app\public\index.php(17): require('C:\\Users\\leete\\...')
#3 {main}
  thrown in C:\Users\leete\Local Sites\teng-hong-lee\app\public\wp-content\themes\frictional-university-theme\index.php on line 4
[10-Feb-2021 19:45:09 UTC] PHP Parse error:  syntax error, unexpected 'wp_enqueue_style' (T_STRING) in C:\Users\leete\Local Sites\teng-hong-lee\app\public\wp-content\themes\frictional-university-theme\functions.php on line 5
[10-Feb-2021 19:45:09 UTC] PHP Parse error:  syntax error, unexpected 'wp_enqueue_style' (T_STRING) in C:\Users\leete\Local Sites\teng-hong-lee\app\public\wp-content\themes\frictional-university-theme\functions.php on line 5
[10-Feb-2021 19:46:54 UTC] PHP Parse error:  syntax error, unexpected 'wp_enqueue_style' (T_STRING) in C:\Users\leete\Local Sites\teng-hong-lee\app\public\wp-content\themes\frictional-university-theme\functions.php on line 5
[10-Feb-2021 19:46:55 UTC] PHP Parse error:  syntax error, unexpected 'wp_enqueue_style' (T_STRING) in C:\Users\leete\Local Sites\teng-hong-lee\app\public\wp-content\themes\frictional-university-theme\functions.php on line 5
[10-Feb-2021 20:23:24 UTC] PHP Fatal error:  Uncaught Error: Call to undefined function get_header() in C:\Users\leete\Local Sites\teng-hong-lee\app\public\wp-content\themes\frictional-university-theme\index.php:3
Stack trace:
#0 {main}
  thrown in C:\Users\leete\Local Sites\teng-hong-lee\app\public\wp-content\themes\frictional-university-theme\index.php on line 3
